  0%|          | 0/976562 [00:00<?, ?it/s]
{'loss': 594.4381103515625, 'l2_loss': 267.8740539550781, 'l1_loss': 326.56402587890625}
3.674398899078369 9.16486930847168 10.048295974731445
13.86%
Reconstruction: (0.13860071095817764, 3.674398899078369, 9.16486930847168, 10.048295974731445)
  0%|          | 0/5 [00:00<?, ?it/s]
Num dead tensor(0., device='cuda:0')
{'loss': 71.19026184082031, 'l2_loss': 36.42210006713867, 'l1_loss': 34.768165588378906}
{'loss': 79.40496826171875, 'l2_loss': 39.104217529296875, 'l1_loss': 40.30074691772461}
{'loss': 63.600379943847656, 'l2_loss': 28.272695541381836, 'l1_loss': 35.32768630981445}
{'loss': 63.04546356201172, 'l2_loss': 27.019241333007812, 'l1_loss': 36.026222229003906}
{'loss': 58.19306945800781, 'l2_loss': 23.779361724853516, 'l1_loss': 34.4137077331543}
{'loss': 56.696083068847656, 'l2_loss': 23.164512634277344, 'l1_loss': 33.53157043457031}
{'loss': 52.71601486206055, 'l2_loss': 21.31740951538086, 'l1_loss': 31.398605346679688}
{'loss': 51.466548919677734, 'l2_loss': 20.380861282348633, 'l1_loss': 31.0856876373291}
{'loss': 49.262176513671875, 'l2_loss': 19.54062271118164, 'l1_loss': 29.7215518951416}
{'loss': 48.99108123779297, 'l2_loss': 19.61388397216797, 'l1_loss': 29.377199172973633}
3.678849458694458 4.322506904602051 10.039250373840332
89.88%
Reconstruction: (0.898802378262844, 3.678849458694458, 4.322506904602051, 10.039250373840332)
  0%|          | 0/5 [00:00<?, ?it/s]
Num dead tensor(0.0173, device='cuda:0')
{'loss': 47.07263946533203, 'l2_loss': 18.830493927001953, 'l1_loss': 28.24214744567871}
{'loss': 45.88843536376953, 'l2_loss': 18.487884521484375, 'l1_loss': 27.400548934936523}
{'loss': 44.865257263183594, 'l2_loss': 18.31134033203125, 'l1_loss': 26.55391502380371}
{'loss': 43.435279846191406, 'l2_loss': 17.737140655517578, 'l1_loss': 25.698139190673828}
{'loss': 43.166439056396484, 'l2_loss': 17.610393524169922, 'l1_loss': 25.556045532226562}
{'loss': 42.298980712890625, 'l2_loss': 17.441539764404297, 'l1_loss': 24.857439041137695}
{'loss': 41.934600830078125, 'l2_loss': 17.143306732177734, 'l1_loss': 24.79129409790039}
{'loss': 40.77718734741211, 'l2_loss': 16.927101135253906, 'l1_loss': 23.850086212158203}
{'loss': 40.04039764404297, 'l2_loss': 16.357629776000977, 'l1_loss': 23.682769775390625}
{'loss': 40.05533218383789, 'l2_loss': 16.42230224609375, 'l1_loss': 23.63302993774414}
3.665252208709717 4.207147598266602 10.088094711303711
91.56%
Reconstruction: (0.9156299739036059, 3.665252208709717, 4.207147598266602, 10.088094711303711)
  0%|          | 0/5 [00:00<?, ?it/s]
Num dead tensor(0.1519, device='cuda:0')
{'loss': 39.2155647277832, 'l2_loss': 16.235923767089844, 'l1_loss': 22.97964096069336}
{'loss': 38.74916076660156, 'l2_loss': 16.045103073120117, 'l1_loss': 22.704057693481445}
{'loss': 38.83055877685547, 'l2_loss': 16.0312557220459, 'l1_loss': 22.799301147460938}
{'loss': 38.242530822753906, 'l2_loss': 15.755605697631836, 'l1_loss': 22.486923217773438}
{'loss': 37.85532760620117, 'l2_loss': 15.667110443115234, 'l1_loss': 22.188217163085938}
{'loss': 37.67109298706055, 'l2_loss': 15.57243824005127, 'l1_loss': 22.098655700683594}
{'loss': 37.4118537902832, 'l2_loss': 15.561202049255371, 'l1_loss': 21.85065269470215}
{'loss': 37.27128219604492, 'l2_loss': 15.558279991149902, 'l1_loss': 21.713003158569336}
{'loss': 36.893287658691406, 'l2_loss': 15.208420753479004, 'l1_loss': 21.68486785888672}
{'loss': 36.493160247802734, 'l2_loss': 15.017111778259277, 'l1_loss': 21.476049423217773}
3.690093994140625 4.177271842956543 10.086311340332031
92.38%
Reconstruction: (0.9238334436671378, 3.690093994140625, 4.177271842956543, 10.086311340332031)
  0%|          | 0/5 [00:00<?, ?it/s]
Num dead tensor(0.1739, device='cuda:0')
{'loss': 36.39457321166992, 'l2_loss': 15.104570388793945, 'l1_loss': 21.290002822875977}
{'loss': 35.97770309448242, 'l2_loss': 14.927627563476562, 'l1_loss': 21.05007553100586}
{'loss': 35.10038375854492, 'l2_loss': 14.446427345275879, 'l1_loss': 20.653955459594727}
{'loss': 35.81366729736328, 'l2_loss': 14.752314567565918, 'l1_loss': 21.061351776123047}
{'loss': 34.956459045410156, 'l2_loss': 14.374805450439453, 'l1_loss': 20.58165168762207}
{'loss': 34.751834869384766, 'l2_loss': 14.309965133666992, 'l1_loss': 20.441869735717773}
{'loss': 35.000892639160156, 'l2_loss': 14.397109985351562, 'l1_loss': 20.603784561157227}
{'loss': 34.11997604370117, 'l2_loss': 14.064022064208984, 'l1_loss': 20.055953979492188}
{'loss': 35.16666793823242, 'l2_loss': 14.802311897277832, 'l1_loss': 20.364356994628906}
{'loss': 34.09881591796875, 'l2_loss': 13.907711029052734, 'l1_loss': 20.191102981567383}
3.6843528747558594 4.130871772766113 10.07742977142334
93.02%
Reconstruction: (0.9301558693525162, 3.6843528747558594, 4.130871772766113, 10.07742977142334)
  0%|          | 0/5 [00:00<?, ?it/s]

Num dead tensor(0.1629, device='cuda:0')
{'loss': 34.241329193115234, 'l2_loss': 14.153440475463867, 'l1_loss': 20.087888717651367}
{'loss': 33.843902587890625, 'l2_loss': 14.004796981811523, 'l1_loss': 19.83910369873047}
{'loss': 33.79178237915039, 'l2_loss': 14.051237106323242, 'l1_loss': 19.74054527282715}
{'loss': 33.83582305908203, 'l2_loss': 13.722810745239258, 'l1_loss': 20.113014221191406}
{'loss': 33.63064193725586, 'l2_loss': 14.141987800598145, 'l1_loss': 19.4886531829834}
{'loss': 33.74012756347656, 'l2_loss': 13.79477310180664, 'l1_loss': 19.945356369018555}
{'loss': 33.41626739501953, 'l2_loss': 13.739370346069336, 'l1_loss': 19.676897048950195}
{'loss': 33.03548049926758, 'l2_loss': 13.704931259155273, 'l1_loss': 19.330549240112305}
{'loss': 33.10797119140625, 'l2_loss': 13.648683547973633, 'l1_loss': 19.459285736083984}
{'loss': 33.226295471191406, 'l2_loss': 13.762568473815918, 'l1_loss': 19.463726043701172}
3.6854641437530518 4.11366081237793 10.027681350708008
93.25%
Reconstruction: (0.9324847045359291, 3.6854641437530518, 4.11366081237793, 10.027681350708008)
  0%|          | 0/5 [00:00<?, ?it/s]

Num dead tensor(0.1559, device='cuda:0')
{'loss': 33.12168884277344, 'l2_loss': 13.487987518310547, 'l1_loss': 19.633703231811523}
{'loss': 33.44599151611328, 'l2_loss': 13.852777481079102, 'l1_loss': 19.593212127685547}
{'loss': 32.73448181152344, 'l2_loss': 13.59889030456543, 'l1_loss': 19.135591506958008}
{'loss': 32.46929931640625, 'l2_loss': 13.368898391723633, 'l1_loss': 19.100400924682617}
{'loss': 32.856834411621094, 'l2_loss': 13.57829475402832, 'l1_loss': 19.278541564941406}
{'loss': 32.5472526550293, 'l2_loss': 13.589749336242676, 'l1_loss': 18.957504272460938}
{'loss': 32.39234161376953, 'l2_loss': 13.277420043945312, 'l1_loss': 19.114919662475586}
{'loss': 32.521156311035156, 'l2_loss': 13.537595748901367, 'l1_loss': 18.983558654785156}
{'loss': 32.3919563293457, 'l2_loss': 13.568459510803223, 'l1_loss': 18.823497772216797}
{'loss': 32.519405364990234, 'l2_loss': 13.3947114944458, 'l1_loss': 19.12469482421875}
3.737421751022339 4.150908470153809 10.090217590332031
93.49%
Reconstruction: (0.9349126385310692, 3.737421751022339, 4.150908470153809, 10.090217590332031)
  0%|          | 0/5 [00:00<?, ?it/s]
Num dead tensor(0.1542, device='cuda:0')
{'loss': 32.28750228881836, 'l2_loss': 13.404928207397461, 'l1_loss': 18.8825740814209}
{'loss': 32.51437759399414, 'l2_loss': 13.476800918579102, 'l1_loss': 19.03757667541504}
{'loss': 31.520545959472656, 'l2_loss': 12.914546966552734, 'l1_loss': 18.605998992919922}
{'loss': 31.997730255126953, 'l2_loss': 13.11379337310791, 'l1_loss': 18.883935928344727}
{'loss': 31.97745704650879, 'l2_loss': 13.279594421386719, 'l1_loss': 18.69786262512207}
{'loss': 32.08099365234375, 'l2_loss': 13.330829620361328, 'l1_loss': 18.75016212463379}
{'loss': 31.434886932373047, 'l2_loss': 12.914997100830078, 'l1_loss': 18.51988983154297}
{'loss': 31.430431365966797, 'l2_loss': 12.853191375732422, 'l1_loss': 18.577239990234375}
{'loss': 31.847185134887695, 'l2_loss': 13.058990478515625, 'l1_loss': 18.78819465637207}
{'loss': 31.268993377685547, 'l2_loss': 13.007058143615723, 'l1_loss': 18.261934280395508}
3.6974844932556152 4.101892948150635 10.059429168701172
93.64%
Reconstruction: (0.9364332015561426, 3.6974844932556152, 4.101892948150635, 10.059429168701172)
  0%|          | 0/5 [00:00<?, ?it/s]
Num dead tensor(0.1467, device='cuda:0')
{'loss': 31.360549926757812, 'l2_loss': 13.037784576416016, 'l1_loss': 18.322765350341797}
{'loss': 31.228073120117188, 'l2_loss': 12.88555908203125, 'l1_loss': 18.342514038085938}
{'loss': 30.929916381835938, 'l2_loss': 12.699312210083008, 'l1_loss': 18.23060417175293}
{'loss': 31.157644271850586, 'l2_loss': 12.939163208007812, 'l1_loss': 18.218481063842773}
{'loss': 31.495901107788086, 'l2_loss': 12.887397766113281, 'l1_loss': 18.608503341674805}
{'loss': 31.098190307617188, 'l2_loss': 12.86497688293457, 'l1_loss': 18.233213424682617}
{'loss': 31.743751525878906, 'l2_loss': 13.020123481750488, 'l1_loss': 18.7236270904541}
{'loss': 31.457225799560547, 'l2_loss': 13.033567428588867, 'l1_loss': 18.42365837097168}
{'loss': 31.193763732910156, 'l2_loss': 13.045597076416016, 'l1_loss': 18.14816665649414}
{'loss': 30.857559204101562, 'l2_loss': 12.878093719482422, 'l1_loss': 17.97946548461914}
3.6857151985168457 4.090851783752441 10.040972709655762
93.63%
Reconstruction: (0.9362517436114101, 3.6857151985168457, 4.090851783752441, 10.040972709655762)
  0%|          | 0/5 [00:00<?, ?it/s]

Num dead tensor(0.1448, device='cuda:0')
{'loss': 31.001373291015625, 'l2_loss': 12.839513778686523, 'l1_loss': 18.1618595123291}
{'loss': 31.335025787353516, 'l2_loss': 13.073931694030762, 'l1_loss': 18.26109504699707}
{'loss': 30.232194900512695, 'l2_loss': 12.461408615112305, 'l1_loss': 17.77078628540039}
{'loss': 30.804685592651367, 'l2_loss': 12.87968635559082, 'l1_loss': 17.924999237060547}
{'loss': 30.88241958618164, 'l2_loss': 12.635943412780762, 'l1_loss': 18.246475219726562}
{'loss': 30.99295425415039, 'l2_loss': 12.862791061401367, 'l1_loss': 18.130163192749023}
{'loss': 30.321773529052734, 'l2_loss': 12.566201210021973, 'l1_loss': 17.755571365356445}
{'loss': 30.701677322387695, 'l2_loss': 12.626972198486328, 'l1_loss': 18.074705123901367}
{'loss': 30.92865562438965, 'l2_loss': 12.855829238891602, 'l1_loss': 18.072826385498047}
{'loss': 30.158706665039062, 'l2_loss': 12.5723876953125, 'l1_loss': 17.586318969726562}
3.701120376586914 4.091713905334473 10.07335090637207
93.87%
Reconstruction: (0.9387037981564161, 3.701120376586914, 4.091713905334473, 10.07335090637207)
  0%|          | 0/5 [00:00<?, ?it/s]
Num dead tensor(0.1441, device='cuda:0')
{'loss': 30.39168930053711, 'l2_loss': 12.653197288513184, 'l1_loss': 17.738492965698242}
{'loss': 30.68509864807129, 'l2_loss': 12.783592224121094, 'l1_loss': 17.901506423950195}
{'loss': 30.817047119140625, 'l2_loss': 12.824369430541992, 'l1_loss': 17.992677688598633}
{'loss': 30.619237899780273, 'l2_loss': 12.625776290893555, 'l1_loss': 17.99346160888672}
{'loss': 30.24216079711914, 'l2_loss': 12.553261756896973, 'l1_loss': 17.688899993896484}
{'loss': 29.956172943115234, 'l2_loss': 12.41545581817627, 'l1_loss': 17.54071807861328}
{'loss': 30.453231811523438, 'l2_loss': 12.587394714355469, 'l1_loss': 17.86583709716797}
{'loss': 30.10398292541504, 'l2_loss': 12.487323760986328, 'l1_loss': 17.61665916442871}
{'loss': 29.888416290283203, 'l2_loss': 12.334982872009277, 'l1_loss': 17.55343246459961}
{'loss': 30.046207427978516, 'l2_loss': 12.40290355682373, 'l1_loss': 17.64330291748047}
3.7259719371795654 4.117269992828369 10.065587043762207
93.83%
Reconstruction: (0.9382773166714009, 3.7259719371795654, 4.117269992828369, 10.065587043762207)
  0%|          | 0/5 [00:00<?, ?it/s]
Num dead tensor(0.1392, device='cuda:0')
{'loss': 29.56255340576172, 'l2_loss': 12.20936393737793, 'l1_loss': 17.35318946838379}
{'loss': 29.938823699951172, 'l2_loss': 12.501632690429688, 'l1_loss': 17.437191009521484}
{'loss': 29.669546127319336, 'l2_loss': 12.400217056274414, 'l1_loss': 17.269329071044922}
{'loss': 29.86039161682129, 'l2_loss': 12.357416152954102, 'l1_loss': 17.502975463867188}
{'loss': 30.049360275268555, 'l2_loss': 12.54742431640625, 'l1_loss': 17.501935958862305}
{'loss': 30.584575653076172, 'l2_loss': 12.793004035949707, 'l1_loss': 17.79157066345215}
{'loss': 29.863832473754883, 'l2_loss': 12.22370719909668, 'l1_loss': 17.640125274658203}
{'loss': 29.656986236572266, 'l2_loss': 12.248693466186523, 'l1_loss': 17.408292770385742}
{'loss': 30.25982666015625, 'l2_loss': 12.702640533447266, 'l1_loss': 17.557186126708984}
{'loss': 29.975719451904297, 'l2_loss': 12.497406005859375, 'l1_loss': 17.478313446044922}
3.704451322555542 4.087409973144531 10.124682426452637
94.04%
Reconstruction: (0.9403512670507246, 3.704451322555542, 4.087409973144531, 10.124682426452637)
  0%|          | 0/5 [00:00<?, ?it/s]
Num dead tensor(0.1365, device='cuda:0')
{'loss': 29.598371505737305, 'l2_loss': 12.360250473022461, 'l1_loss': 17.238121032714844}
{'loss': 30.131622314453125, 'l2_loss': 12.461047172546387, 'l1_loss': 17.670574188232422}
{'loss': 29.688411712646484, 'l2_loss': 12.301276206970215, 'l1_loss': 17.387136459350586}
{'loss': 29.89468002319336, 'l2_loss': 12.582220077514648, 'l1_loss': 17.31245994567871}
{'loss': 29.641998291015625, 'l2_loss': 12.510205268859863, 'l1_loss': 17.131792068481445}
{'loss': 29.41942596435547, 'l2_loss': 12.19785213470459, 'l1_loss': 17.221574783325195}
{'loss': 29.775753021240234, 'l2_loss': 12.427567481994629, 'l1_loss': 17.34818458557129}
{'loss': 29.7994327545166, 'l2_loss': 12.450349807739258, 'l1_loss': 17.349082946777344}
{'loss': 29.696521759033203, 'l2_loss': 12.334121704101562, 'l1_loss': 17.36240005493164}
{'loss': 29.888648986816406, 'l2_loss': 12.542928695678711, 'l1_loss': 17.345720291137695}
3.7062134742736816 4.077341556549072 10.095005989074707
94.19%
Reconstruction: (0.9419095108480058, 3.7062134742736816, 4.077341556549072, 10.095005989074707)
  0%|          | 0/5 [00:00<?, ?it/s]
Num dead tensor(0.1343, device='cuda:0')
{'loss': 29.49441909790039, 'l2_loss': 12.35855484008789, 'l1_loss': 17.1358642578125}
{'loss': 29.898235321044922, 'l2_loss': 12.57284927368164, 'l1_loss': 17.32538604736328}
{'loss': 29.79889678955078, 'l2_loss': 12.387300491333008, 'l1_loss': 17.411596298217773}
{'loss': 29.37149429321289, 'l2_loss': 12.248888969421387, 'l1_loss': 17.122604370117188}
{'loss': 29.034940719604492, 'l2_loss': 11.920963287353516, 'l1_loss': 17.113977432250977}
{'loss': 29.601715087890625, 'l2_loss': 12.310189247131348, 'l1_loss': 17.291526794433594}
{'loss': 29.492414474487305, 'l2_loss': 12.220331192016602, 'l1_loss': 17.272083282470703}
{'loss': 28.980915069580078, 'l2_loss': 11.989835739135742, 'l1_loss': 16.991079330444336}
{'loss': 28.992856979370117, 'l2_loss': 12.212108612060547, 'l1_loss': 16.78074836730957}
{'loss': 29.420745849609375, 'l2_loss': 12.322264671325684, 'l1_loss': 17.098480224609375}
3.6991569995880127 4.069484710693359 10.06098461151123
94.18%
Reconstruction: (0.9417890999732081, 3.6991569995880127, 4.069484710693359, 10.06098461151123)
  0%|          | 0/5 [00:00<?, ?it/s]
Num dead tensor(0.1310, device='cuda:0')
{'loss': 29.284534454345703, 'l2_loss': 12.277518272399902, 'l1_loss': 17.007015228271484}
{'loss': 29.081493377685547, 'l2_loss': 12.10315990447998, 'l1_loss': 16.978334426879883}
{'loss': 29.42845916748047, 'l2_loss': 12.299760818481445, 'l1_loss': 17.128698348999023}
{'loss': 29.426959991455078, 'l2_loss': 12.404536247253418, 'l1_loss': 17.022424697875977}
{'loss': 28.79283332824707, 'l2_loss': 11.972114562988281, 'l1_loss': 16.82071876525879}
{'loss': 29.207042694091797, 'l2_loss': 12.283432006835938, 'l1_loss': 16.92361068725586}
{'loss': 29.279956817626953, 'l2_loss': 12.136091232299805, 'l1_loss': 17.14386558532715}
{'loss': 29.27387237548828, 'l2_loss': 12.297800064086914, 'l1_loss': 16.976072311401367}
{'loss': 29.443984985351562, 'l2_loss': 12.18356990814209, 'l1_loss': 17.260414123535156}
{'loss': 28.635700225830078, 'l2_loss': 12.138472557067871, 'l1_loss': 16.49722671508789}
3.7122459411621094 4.084299087524414 10.110387802124023
94.18%
Reconstruction: (0.9418498128913995, 3.7122459411621094, 4.084299087524414, 10.110387802124023)
  0%|          | 0/5 [00:00<?, ?it/s]
Num dead tensor(0.1309, device='cuda:0')
{'loss': 29.42093276977539, 'l2_loss': 12.197254180908203, 'l1_loss': 17.223678588867188}
{'loss': 29.275989532470703, 'l2_loss': 12.27047061920166, 'l1_loss': 17.00551986694336}
{'loss': 29.306625366210938, 'l2_loss': 12.292683601379395, 'l1_loss': 17.01394271850586}
{'loss': 28.768390655517578, 'l2_loss': 12.103643417358398, 'l1_loss': 16.66474723815918}
{'loss': 28.613449096679688, 'l2_loss': 11.994257926940918, 'l1_loss': 16.619190216064453}
{'loss': 28.629817962646484, 'l2_loss': 12.146315574645996, 'l1_loss': 16.483503341674805}
{'loss': 29.20165252685547, 'l2_loss': 12.205204963684082, 'l1_loss': 16.996448516845703}
{'loss': 29.091768264770508, 'l2_loss': 12.211694717407227, 'l1_loss': 16.88007354736328}
{'loss': 28.602882385253906, 'l2_loss': 12.015541076660156, 'l1_loss': 16.58734130859375}
{'loss': 28.599374771118164, 'l2_loss': 11.971784591674805, 'l1_loss': 16.62759017944336}
3.7073731422424316 4.077811241149902 10.052179336547852
94.16%
Reconstruction: (0.9416155375652063, 3.7073731422424316, 4.077811241149902, 10.052179336547852)
  0%|          | 0/5 [00:00<?, ?it/s]
Num dead tensor(0.1265, device='cuda:0')
{'loss': 28.99795150756836, 'l2_loss': 12.136322021484375, 'l1_loss': 16.861629486083984}
{'loss': 29.079137802124023, 'l2_loss': 12.065608978271484, 'l1_loss': 17.01352882385254}
{'loss': 28.623231887817383, 'l2_loss': 11.943109512329102, 'l1_loss': 16.68012237548828}
{'loss': 28.412384033203125, 'l2_loss': 11.984416007995605, 'l1_loss': 16.427967071533203}
{'loss': 28.525304794311523, 'l2_loss': 11.920034408569336, 'l1_loss': 16.605270385742188}
{'loss': 29.098703384399414, 'l2_loss': 12.284299850463867, 'l1_loss': 16.814403533935547}
{'loss': 29.045591354370117, 'l2_loss': 12.192344665527344, 'l1_loss': 16.853246688842773}
{'loss': 28.621402740478516, 'l2_loss': 12.017292022705078, 'l1_loss': 16.604110717773438}
{'loss': 28.887401580810547, 'l2_loss': 12.180870056152344, 'l1_loss': 16.706531524658203}
{'loss': 28.87748908996582, 'l2_loss': 12.245122909545898, 'l1_loss': 16.632366180419922}
3.7339725494384766 4.0917863845825195 10.089178085327148
94.37%
Reconstruction: (0.9436975195965855, 3.7339725494384766, 4.0917863845825195, 10.089178085327148)
  0%|          | 0/5 [00:00<?, ?it/s]
Num dead tensor(0.1242, device='cuda:0')
{'loss': 28.680828094482422, 'l2_loss': 12.1796875, 'l1_loss': 16.501140594482422}
{'loss': 28.58119010925293, 'l2_loss': 12.012714385986328, 'l1_loss': 16.5684757232666}
{'loss': 28.816572189331055, 'l2_loss': 12.229585647583008, 'l1_loss': 16.586986541748047}
{'loss': 28.365123748779297, 'l2_loss': 11.995892524719238, 'l1_loss': 16.369232177734375}
{'loss': 28.391002655029297, 'l2_loss': 11.765679359436035, 'l1_loss': 16.625324249267578}
{'loss': 28.353317260742188, 'l2_loss': 11.901140213012695, 'l1_loss': 16.452177047729492}
{'loss': 28.371559143066406, 'l2_loss': 12.009442329406738, 'l1_loss': 16.36211585998535}
{'loss': 28.328872680664062, 'l2_loss': 11.918335914611816, 'l1_loss': 16.41053581237793}
{'loss': 28.53453826904297, 'l2_loss': 11.903111457824707, 'l1_loss': 16.631427764892578}
{'loss': 27.931520462036133, 'l2_loss': 11.770624160766602, 'l1_loss': 16.16089630126953}
3.705317735671997 4.060460567474365 10.028100967407227
94.38%
Reconstruction: (0.9438312498173526, 3.705317735671997, 4.060460567474365, 10.028100967407227)
  0%|          | 0/5 [00:00<?, ?it/s]
Num dead tensor(0.1246, device='cuda:0')
{'loss': 28.192354202270508, 'l2_loss': 11.787479400634766, 'l1_loss': 16.404874801635742}
{'loss': 28.221900939941406, 'l2_loss': 11.837430953979492, 'l1_loss': 16.384469985961914}
{'loss': 28.81205177307129, 'l2_loss': 12.22535514831543, 'l1_loss': 16.58669662475586}
{'loss': 28.493690490722656, 'l2_loss': 12.02821159362793, 'l1_loss': 16.465478897094727}
{'loss': 27.835847854614258, 'l2_loss': 11.882094383239746, 'l1_loss': 15.953753471374512}
{'loss': 28.429960250854492, 'l2_loss': 12.103679656982422, 'l1_loss': 16.32628059387207}
{'loss': 28.08905792236328, 'l2_loss': 12.161420822143555, 'l1_loss': 15.927638053894043}
{'loss': 28.675323486328125, 'l2_loss': 12.225224494934082, 'l1_loss': 16.45009994506836}
{'loss': 28.687381744384766, 'l2_loss': 12.146166801452637, 'l1_loss': 16.541215896606445}
{'loss': 28.17367172241211, 'l2_loss': 11.98104476928711, 'l1_loss': 16.192626953125}
3.6822917461395264 4.046677589416504 10.05044937133789
94.28%
Reconstruction: (0.9427800213620455, 3.6822917461395264, 4.046677589416504, 10.05044937133789)
  0%|          | 0/5 [00:00<?, ?it/s]
Num dead tensor(0.1210, device='cuda:0')
{'loss': 27.996559143066406, 'l2_loss': 11.668000221252441, 'l1_loss': 16.32855987548828}
{'loss': 27.81767463684082, 'l2_loss': 11.663352966308594, 'l1_loss': 16.154321670532227}
{'loss': 28.76164436340332, 'l2_loss': 12.055742263793945, 'l1_loss': 16.705902099609375}
{'loss': 28.917407989501953, 'l2_loss': 12.305030822753906, 'l1_loss': 16.612377166748047}
{'loss': 28.665565490722656, 'l2_loss': 11.932669639587402, 'l1_loss': 16.732894897460938}
{'loss': 28.049381256103516, 'l2_loss': 11.946343421936035, 'l1_loss': 16.103036880493164}
{'loss': 28.664077758789062, 'l2_loss': 12.073807716369629, 'l1_loss': 16.59027099609375}
{'loss': 28.312143325805664, 'l2_loss': 12.002983093261719, 'l1_loss': 16.309160232543945}
{'loss': 28.40043067932129, 'l2_loss': 12.090717315673828, 'l1_loss': 16.30971336364746}
{'loss': 28.37853240966797, 'l2_loss': 11.912859916687012, 'l1_loss': 16.46567153930664}
3.725663661956787 4.083065032958984 10.106926918029785
94.40%
Reconstruction: (0.9439920660439669, 3.725663661956787, 4.083065032958984, 10.106926918029785)
  0%|          | 0/5 [00:00<?, ?it/s]
Num dead tensor(0.1207, device='cuda:0')
{'loss': 28.212905883789062, 'l2_loss': 11.962284088134766, 'l1_loss': 16.250621795654297}
{'loss': 28.00873565673828, 'l2_loss': 11.934746742248535, 'l1_loss': 16.073989868164062}
{'loss': 27.59467315673828, 'l2_loss': 11.730077743530273, 'l1_loss': 15.864596366882324}
{'loss': 28.392520904541016, 'l2_loss': 12.074999809265137, 'l1_loss': 16.317522048950195}
{'loss': 28.471797943115234, 'l2_loss': 11.925419807434082, 'l1_loss': 16.546377182006836}
{'loss': 27.83816146850586, 'l2_loss': 12.015050888061523, 'l1_loss': 15.823110580444336}
{'loss': 28.289913177490234, 'l2_loss': 12.16812515258789, 'l1_loss': 16.121788024902344}
{'loss': 28.24413299560547, 'l2_loss': 11.88244915008545, 'l1_loss': 16.361684799194336}
{'loss': 28.114276885986328, 'l2_loss': 11.841841697692871, 'l1_loss': 16.272436141967773}
{'loss': 28.112064361572266, 'l2_loss': 12.034574508666992, 'l1_loss': 16.077489852905273}
3.6671149730682373 4.025162220001221 10.024187088012695
94.37%
Reconstruction: (0.9436773343987601, 3.6671149730682373, 4.025162220001221, 10.024187088012695)
  0%|          | 0/5 [00:00<?, ?it/s]
Num dead tensor(0.1184, device='cuda:0')
{'loss': 27.75357437133789, 'l2_loss': 11.705679893493652, 'l1_loss': 16.047893524169922}
{'loss': 27.735198974609375, 'l2_loss': 11.663583755493164, 'l1_loss': 16.07161521911621}
{'loss': 28.006893157958984, 'l2_loss': 11.893564224243164, 'l1_loss': 16.11332893371582}
{'loss': 28.396507263183594, 'l2_loss': 12.120355606079102, 'l1_loss': 16.276151657104492}
{'loss': 27.890026092529297, 'l2_loss': 11.796415328979492, 'l1_loss': 16.093610763549805}
{'loss': 27.850475311279297, 'l2_loss': 11.810276985168457, 'l1_loss': 16.040197372436523}
{'loss': 28.513120651245117, 'l2_loss': 12.141098022460938, 'l1_loss': 16.37202262878418}
{'loss': 28.0778751373291, 'l2_loss': 11.890626907348633, 'l1_loss': 16.18724822998047}
{'loss': 28.074838638305664, 'l2_loss': 12.002950668334961, 'l1_loss': 16.071887969970703}
{'loss': 28.203994750976562, 'l2_loss': 12.012874603271484, 'l1_loss': 16.191120147705078}
3.7137863636016846 4.065244674682617 10.106019973754883
94.50%
Reconstruction: (0.9450179182245955, 3.7137863636016846, 4.065244674682617, 10.106019973754883)
  0%|          | 0/5 [00:00<?, ?it/s]
Num dead tensor(0.1157, device='cuda:0')
{'loss': 28.176998138427734, 'l2_loss': 12.014559745788574, 'l1_loss': 16.162437438964844}
{'loss': 28.41391372680664, 'l2_loss': 12.137895584106445, 'l1_loss': 16.276018142700195}
{'loss': 27.74098014831543, 'l2_loss': 11.68775749206543, 'l1_loss': 16.05322265625}
{'loss': 27.11667251586914, 'l2_loss': 11.446651458740234, 'l1_loss': 15.67002010345459}
{'loss': 27.93383026123047, 'l2_loss': 11.8129301071167, 'l1_loss': 16.120901107788086}
{'loss': 27.546749114990234, 'l2_loss': 11.815460205078125, 'l1_loss': 15.731289863586426}
{'loss': 27.977294921875, 'l2_loss': 11.892810821533203, 'l1_loss': 16.084484100341797}
{'loss': 27.738414764404297, 'l2_loss': 11.899566650390625, 'l1_loss': 15.838847160339355}
{'loss': 27.692474365234375, 'l2_loss': 11.688911437988281, 'l1_loss': 16.003562927246094}
{'loss': 27.934860229492188, 'l2_loss': 11.96151351928711, 'l1_loss': 15.973347663879395}
3.684900999069214 4.03030252456665 10.010513305664062
94.54%
Reconstruction: (0.945396349198111, 3.684900999069214, 4.03030252456665, 10.010513305664062)
  0%|          | 0/5 [00:00<?, ?it/s]
Num dead tensor(0.1161, device='cuda:0')
{'loss': 28.17892837524414, 'l2_loss': 12.02413558959961, 'l1_loss': 16.15479278564453}
{'loss': 27.780250549316406, 'l2_loss': 11.674172401428223, 'l1_loss': 16.1060791015625}
{'loss': 27.02902603149414, 'l2_loss': 11.548063278198242, 'l1_loss': 15.480963706970215}
{'loss': 28.477663040161133, 'l2_loss': 12.205730438232422, 'l1_loss': 16.27193260192871}
{'loss': 27.2696475982666, 'l2_loss': 11.761107444763184, 'l1_loss': 15.508540153503418}
{'loss': 27.855724334716797, 'l2_loss': 11.997665405273438, 'l1_loss': 15.85805892944336}
{'loss': 27.513641357421875, 'l2_loss': 11.787343978881836, 'l1_loss': 15.726296424865723}
{'loss': 27.60832977294922, 'l2_loss': 11.699195861816406, 'l1_loss': 15.909133911132812}
{'loss': 27.46783447265625, 'l2_loss': 11.748411178588867, 'l1_loss': 15.7194242477417}
{'loss': 27.52774429321289, 'l2_loss': 11.933019638061523, 'l1_loss': 15.59472370147705}
3.6916680335998535 4.035435676574707 10.054779052734375
94.60%
Reconstruction: (0.945974910395071, 3.6916680335998535, 4.035435676574707, 10.054779052734375)
  0%|          | 0/5 [00:00<?, ?it/s]
Num dead tensor(0.1144, device='cuda:0')
{'loss': 27.565673828125, 'l2_loss': 11.799713134765625, 'l1_loss': 15.765960693359375}
{'loss': 27.61512565612793, 'l2_loss': 11.813343048095703, 'l1_loss': 15.801782608032227}
{'loss': 27.547542572021484, 'l2_loss': 11.904789924621582, 'l1_loss': 15.642751693725586}
{'loss': 27.558406829833984, 'l2_loss': 11.621431350708008, 'l1_loss': 15.93697452545166}
{'loss': 27.471595764160156, 'l2_loss': 11.842375755310059, 'l1_loss': 15.629220008850098}
{'loss': 26.927413940429688, 'l2_loss': 11.579480171203613, 'l1_loss': 15.347932815551758}
{'loss': 28.00641632080078, 'l2_loss': 11.9305419921875, 'l1_loss': 16.07587432861328}
{'loss': 27.956600189208984, 'l2_loss': 12.090106964111328, 'l1_loss': 15.86649227142334}
{'loss': 27.839473724365234, 'l2_loss': 11.700925827026367, 'l1_loss': 16.138547897338867}
{'loss': 27.57247543334961, 'l2_loss': 11.775885581970215, 'l1_loss': 15.796590805053711}
3.74079966545105 4.087900638580322 10.102943420410156
94.54%
Reconstruction: (0.9454427648135556, 3.74079966545105, 4.087900638580322, 10.102943420410156)
  0%|          | 0/5 [00:00<?, ?it/s]
Num dead tensor(0.1119, device='cuda:0')
{'loss': 27.32574462890625, 'l2_loss': 11.478484153747559, 'l1_loss': 15.847261428833008}
{'loss': 28.037843704223633, 'l2_loss': 11.985921859741211, 'l1_loss': 16.051921844482422}
{'loss': 27.51972198486328, 'l2_loss': 11.851751327514648, 'l1_loss': 15.66797161102295}
{'loss': 27.354347229003906, 'l2_loss': 11.550027847290039, 'l1_loss': 15.804320335388184}
{'loss': 27.910797119140625, 'l2_loss': 12.002439498901367, 'l1_loss': 15.908358573913574}
{'loss': 27.91970443725586, 'l2_loss': 12.049269676208496, 'l1_loss': 15.870434761047363}
{'loss': 27.475126266479492, 'l2_loss': 11.77768611907959, 'l1_loss': 15.697440147399902}
{'loss': 27.32113265991211, 'l2_loss': 11.6712007522583, 'l1_loss': 15.649931907653809}
{'loss': 27.70352554321289, 'l2_loss': 11.752401351928711, 'l1_loss': 15.95112419128418}
{'loss': 27.704538345336914, 'l2_loss': 11.89986515045166, 'l1_loss': 15.804673194885254}
3.74397611618042 4.080962181091309 10.1166353225708
94.71%
Reconstruction: (0.9471200241536586, 3.74397611618042, 4.080962181091309, 10.1166353225708)
  0%|          | 0/5 [00:00<?, ?it/s]
Num dead tensor(0.1127, device='cuda:0')
{'loss': 27.901622772216797, 'l2_loss': 11.92658805847168, 'l1_loss': 15.975035667419434}
{'loss': 27.26653289794922, 'l2_loss': 11.75937271118164, 'l1_loss': 15.507160186767578}
{'loss': 27.300579071044922, 'l2_loss': 11.673991203308105, 'l1_loss': 15.626587867736816}
{'loss': 27.621339797973633, 'l2_loss': 11.818586349487305, 'l1_loss': 15.802753448486328}
{'loss': 27.573829650878906, 'l2_loss': 11.953216552734375, 'l1_loss': 15.620614051818848}
{'loss': 27.297365188598633, 'l2_loss': 11.727010726928711, 'l1_loss': 15.570354461669922}
{'loss': 27.76971435546875, 'l2_loss': 11.955121994018555, 'l1_loss': 15.814592361450195}
{'loss': 27.043235778808594, 'l2_loss': 11.734162330627441, 'l1_loss': 15.309073448181152}
{'loss': 26.985393524169922, 'l2_loss': 11.651679039001465, 'l1_loss': 15.333714485168457}
{'loss': 27.77505874633789, 'l2_loss': 11.992192268371582, 'l1_loss': 15.782865524291992}
3.6970698833465576 4.034985542297363 10.051861763000488
94.68%
Reconstruction: (0.9468250628265724, 3.6970698833465576, 4.034985542297363, 10.051861763000488)
  0%|          | 0/5 [00:00<?, ?it/s]
Num dead tensor(0.1110, device='cuda:0')
{'loss': 27.501182556152344, 'l2_loss': 11.828507423400879, 'l1_loss': 15.672674179077148}
{'loss': 27.35824966430664, 'l2_loss': 11.864686965942383, 'l1_loss': 15.493561744689941}
{'loss': 27.564048767089844, 'l2_loss': 11.833720207214355, 'l1_loss': 15.730327606201172}
{'loss': 27.349594116210938, 'l2_loss': 11.75328254699707, 'l1_loss': 15.596312522888184}
{'loss': 26.848411560058594, 'l2_loss': 11.385494232177734, 'l1_loss': 15.462918281555176}
{'loss': 27.23786735534668, 'l2_loss': 11.725250244140625, 'l1_loss': 15.512617111206055}
{'loss': 27.38534927368164, 'l2_loss': 11.850645065307617, 'l1_loss': 15.534704208374023}
{'loss': 26.549129486083984, 'l2_loss': 11.368023872375488, 'l1_loss': 15.18110466003418}
{'loss': 27.171768188476562, 'l2_loss': 11.780509948730469, 'l1_loss': 15.391257286071777}
{'loss': 27.02438735961914, 'l2_loss': 11.526204109191895, 'l1_loss': 15.498183250427246}
3.695323944091797 4.0342912673950195 10.062910079956055
94.68%
Reconstruction: (0.9467667470732667, 3.695323944091797, 4.0342912673950195, 10.062910079956055)
  0%|          | 0/5 [00:00<?, ?it/s]
Num dead tensor(0.1094, device='cuda:0')
{'loss': 27.61381721496582, 'l2_loss': 11.87459659576416, 'l1_loss': 15.73922061920166}
{'loss': 27.364643096923828, 'l2_loss': 11.651849746704102, 'l1_loss': 15.712793350219727}
{'loss': 27.287975311279297, 'l2_loss': 11.745280265808105, 'l1_loss': 15.542694091796875}
{'loss': 27.170963287353516, 'l2_loss': 11.543013572692871, 'l1_loss': 15.627949714660645}
{'loss': 26.882308959960938, 'l2_loss': 11.610174179077148, 'l1_loss': 15.272134780883789}
{'loss': 26.846435546875, 'l2_loss': 11.529474258422852, 'l1_loss': 15.316962242126465}
{'loss': 26.885482788085938, 'l2_loss': 11.570544242858887, 'l1_loss': 15.314937591552734}
{'loss': 27.13535499572754, 'l2_loss': 11.693391799926758, 'l1_loss': 15.441963195800781}
{'loss': 27.27545928955078, 'l2_loss': 11.732751846313477, 'l1_loss': 15.542707443237305}
{'loss': 27.142946243286133, 'l2_loss': 11.774752616882324, 'l1_loss': 15.368193626403809}
3.7232871055603027 4.060697555541992 10.086099624633789
94.70%
Reconstruction: (0.9469714927211432, 3.7232871055603027, 4.060697555541992, 10.086099624633789)
  0%|          | 0/5 [00:00<?, ?it/s]
Num dead tensor(0.1083, device='cuda:0')
{'loss': 26.84630584716797, 'l2_loss': 11.554719924926758, 'l1_loss': 15.291585922241211}
{'loss': 27.076377868652344, 'l2_loss': 11.684656143188477, 'l1_loss': 15.39172077178955}
{'loss': 27.651424407958984, 'l2_loss': 11.836259841918945, 'l1_loss': 15.815163612365723}
{'loss': 27.160717010498047, 'l2_loss': 11.741436004638672, 'l1_loss': 15.419281005859375}
{'loss': 26.89825439453125, 'l2_loss': 11.59627914428711, 'l1_loss': 15.301976203918457}
{'loss': 27.004817962646484, 'l2_loss': 11.702760696411133, 'l1_loss': 15.302058219909668}
{'loss': 26.962129592895508, 'l2_loss': 11.604720115661621, 'l1_loss': 15.357409477233887}
{'loss': 26.432971954345703, 'l2_loss': 11.394060134887695, 'l1_loss': 15.038910865783691}
{'loss': 27.24734878540039, 'l2_loss': 11.805585861206055, 'l1_loss': 15.441762924194336}
{'loss': 26.76781463623047, 'l2_loss': 11.664873123168945, 'l1_loss': 15.102940559387207}
3.688971757888794 4.031087398529053 10.116458892822266
94.68%
Reconstruction: (0.9467730337753838, 3.688971757888794, 4.031087398529053, 10.116458892822266)
  0%|          | 0/5 [00:00<?, ?it/s]
Num dead tensor(0.1067, device='cuda:0')
{'loss': 27.153934478759766, 'l2_loss': 11.674858093261719, 'l1_loss': 15.479077339172363}
{'loss': 27.234174728393555, 'l2_loss': 11.720375061035156, 'l1_loss': 15.513799667358398}
{'loss': 27.09457778930664, 'l2_loss': 11.73466968536377, 'l1_loss': 15.359909057617188}
{'loss': 27.033294677734375, 'l2_loss': 11.639707565307617, 'l1_loss': 15.393587112426758}
{'loss': 27.013351440429688, 'l2_loss': 11.715147018432617, 'l1_loss': 15.29820442199707}
{'loss': 27.035850524902344, 'l2_loss': 11.665468215942383, 'l1_loss': 15.370383262634277}
{'loss': 26.57876968383789, 'l2_loss': 11.64944076538086, 'l1_loss': 14.929329872131348}
{'loss': 27.0421199798584, 'l2_loss': 11.666999816894531, 'l1_loss': 15.375120162963867}
{'loss': 26.725364685058594, 'l2_loss': 11.455663681030273, 'l1_loss': 15.269701957702637}
Traceback (most recent call last):
  File "/workspace/1L-Sparse-Autoencoder/train.py", line 47, in <module>
    encoder.save()
  File "/workspace/1L-Sparse-Autoencoder/utils.py", line 170, in save
    version = self.get_version()
  File "/workspace/1L-Sparse-Autoencoder/utils.py", line 163, in get_version
    version_list = [int(file.name.split(".")[0]) for file in list(SAVE_DIR.iterdir()) if "pt" in str(file)]
  File "/usr/lib/python3.10/pathlib.py", line 1017, in iterdir
    for name in self._accessor.listdir(self):
FileNotFoundError: [Errno 2] No such file or directory: '/workspace/1L-Sparse-Autoencoder/checkpoints'
During handling of the above exception, another exception occurred:
Traceback (most recent call last):
  File "/workspace/1L-Sparse-Autoencoder/train.py", line 54, in <module>
    encoder.save()
  File "/workspace/1L-Sparse-Autoencoder/utils.py", line 170, in save
    version = self.get_version()
  File "/workspace/1L-Sparse-Autoencoder/utils.py", line 163, in get_version
    version_list = [int(file.name.split(".")[0]) for file in list(SAVE_DIR.iterdir()) if "pt" in str(file)]
  File "/usr/lib/python3.10/pathlib.py", line 1017, in iterdir
    for name in self._accessor.listdir(self):
FileNotFoundError: [Errno 2] No such file or directory: '/workspace/1L-Sparse-Autoencoder/checkpoints'
Traceback (most recent call last):
  File "/workspace/1L-Sparse-Autoencoder/train.py", line 47, in <module>
    encoder.save()
  File "/workspace/1L-Sparse-Autoencoder/utils.py", line 170, in save
    version = self.get_version()
  File "/workspace/1L-Sparse-Autoencoder/utils.py", line 163, in get_version
    version_list = [int(file.name.split(".")[0]) for file in list(SAVE_DIR.iterdir()) if "pt" in str(file)]
  File "/usr/lib/python3.10/pathlib.py", line 1017, in iterdir
    for name in self._accessor.listdir(self):
FileNotFoundError: [Errno 2] No such file or directory: '/workspace/1L-Sparse-Autoencoder/checkpoints'
During handling of the above exception, another exception occurred:
Traceback (most recent call last):
  File "/workspace/1L-Sparse-Autoencoder/train.py", line 54, in <module>
    encoder.save()
  File "/workspace/1L-Sparse-Autoencoder/utils.py", line 170, in save
    version = self.get_version()
  File "/workspace/1L-Sparse-Autoencoder/utils.py", line 163, in get_version
    version_list = [int(file.name.split(".")[0]) for file in list(SAVE_DIR.iterdir()) if "pt" in str(file)]
  File "/usr/lib/python3.10/pathlib.py", line 1017, in iterdir
    for name in self._accessor.listdir(self):
FileNotFoundError: [Errno 2] No such file or directory: '/workspace/1L-Sparse-Autoencoder/checkpoints'